<?xml version="1.0" encoding="UTF-8"?>
<testsuite xmlns:xsi="http://www.w3.org/2001/XMLSchema-instance" xsi:noNamespaceSchemaLocation="https://maven.apache.org/surefire/maven-surefire-plugin/xsd/surefire-test-report-3.0.xsd" version="3.0" name="edu.pitt.cs.LinkedListUnitTest" time="2.003" tests="19" errors="0" skipped="0" failures="0">
  <properties>
[...]
</properties>
  <testcase name="testClearedList" classname="edu.pitt.cs.LinkedListUnitTest" time="1.787"/>
  <testcase name="testAddNullToNoItemLL" classname="edu.pitt.cs.LinkedListUnitTest" time="0.006"/>
  <testcase name="testEquals0Elems" classname="edu.pitt.cs.LinkedListUnitTest" time="0.006"/>
  <testcase name="testEqualsOneNodeDiffVals" classname="edu.pitt.cs.LinkedListUnitTest" time="0.014"/>
  <testcase name="testMultiList" classname="edu.pitt.cs.LinkedListUnitTest" time="0.014"/>
  <testcase name="testEqualsSelf" classname="edu.pitt.cs.LinkedListUnitTest" time="0.011"/>
  <testcase name="testDeleteFrontMultipleItems" classname="edu.pitt.cs.LinkedListUnitTest" time="0.006"/>
  <testcase name="testAddToOneItemLL" classname="edu.pitt.cs.LinkedListUnitTest" time="0.097"/>
  <testcase name="testDeleteFrontNoItem" classname="edu.pitt.cs.LinkedListUnitTest" time="0.004"/>
  <testcase name="testAddToTenItemLL" classname="edu.pitt.cs.LinkedListUnitTest" time="0.004"/>
  <testcase name="testNotEqualsRegularObject" classname="edu.pitt.cs.LinkedListUnitTest" time="0.004"/>
  <testcase name="testEqualsSameData" classname="edu.pitt.cs.LinkedListUnitTest" time="0.009"/>
  <testcase name="testEqualsOneNodeSameVals" classname="edu.pitt.cs.LinkedListUnitTest" time="0.004"/>
  <testcase name="testNotEqualsNull" classname="edu.pitt.cs.LinkedListUnitTest" time="0.004"/>
  <testcase name="testZeroList" classname="edu.pitt.cs.LinkedListUnitTest" time="0.003"/>
  <testcase name="testEqualsRef" classname="edu.pitt.cs.LinkedListUnitTest" time="0.005"/>
  <testcase name="testNotEqualsDiffData" classname="edu.pitt.cs.LinkedListUnitTest" time="0.008"/>
  <testcase name="testNotEqualsDiffSizes" classname="edu.pitt.cs.LinkedListUnitTest" time="0.006"/>
  <testcase name="testDeleteFrontOneItem" classname="edu.pitt.cs.LinkedListUnitTest" time="0.003"/>
</testsuite>